#
# A fatal error has been detected by the Java Runtime Environment:
#
#  SIGSEGV (0xb) at pc=0x0000000106fc555c, pid=10613, tid=16643
#
# JRE version: Java(TM) SE Runtime Environment (7.0_45-b18) (build 1.7.0_45-b18)
# Java VM: Java HotSpot(TM) 64-Bit Server VM (24.45-b08 mixed mode bsd-amd64 compressed oops)
# Problematic frame:
# V  [libjvm.dylib+0x33355c]  jvmti_IsMethodSynthetic+0xb9
#
# Failed to write core dump. Core dumps have been disabled. To enable core dumping, try "ulimit -c unlimited" before starting Java again
#
# If you would like to submit a bug report, please visit:
#   http://bugreport.sun.com/bugreport/crash.jsp
#

---------------  T H R E A D  ---------------

Current thread (0x00007f9b0081c000):  JavaThread "JDWP Transport Listener: dt_socket" daemon [_thread_in_vm, id=16643, stack(0x00000001984d2000,0x00000001985d2000)]

siginfo:si_signo=SIGSEGV: si_errno=0, si_code=0 (SEGV0), si_addr=0x0000000000000000

Registers:
RAX=0x0000000000000001, RBX=0x00000001985d1a8b, RCX=0x00000000000fc080, RDX=0x00000001985d1a8b
RSP=0x00000001985d19f0, RBP=0x00000001985d1a40, RSI=0x00007f9b0081c000, RDI=0x00007f9b00700000
R8 =0x0000000000000001, R9 =0x00007f9b00700000, R10=0x0000000000000020, R11=0x00007f9b00700000
R12=0x00007f9b0081c000, R13=0x0002000000000000, R14=0x0002000000000000, R15=0x00007f9b00700000
RIP=0x0000000106fc555c, EFLAGS=0x0000000000010206, ERR=0x0000000000000000
  TRAPNO=0x000000000000000d

Top of Stack: (sp=0x00000001985d19f0)
0x00000001985d19f0:   00007f9b0081c000 0000000000000000
0x00000001985d1a00:   0000000000000000 0000000000000000
0x00000001985d1a10:   00007f9b0081c000 00007f9b0081c000
0x00000001985d1a20:   00000001985d1a8b 00000001985d1a90
0x00000001985d1a30:   0002000000000000 0000000000000003
0x00000001985d1a40:   00000001985d1a60 000000010805d1f8
0x00000001985d1a50:   0000000000000001 00000001985d1b08
0x00000001985d1a60:   00000001985d1ad0 000000010804202b
0x00000001985d1a70:   00000001985d1aa0 00007f9b00724700
0x00000001985d1a80:   0000000400000032 0000000a005d1b08
0x00000001985d1a90:   0000000000000000 0000000000000000
0x00000001985d1aa0:   0000000000000000 00000001985d1c90
0x00000001985d1ab0:   0000000108064dc0 00007f9b00425bf0
0x00000001985d1ac0:   00000001985d1b08 0000000108070578
0x00000001985d1ad0:   00000001985d1ae0 0000000108042124
0x00000001985d1ae0:   00000001985d1d00 000000010804b6b2
0x00000001985d1af0:   0000390f00000013 00000000000f0200
0x00000001985d1b00:   00007f9b004188b0 00007f9b0072907f
0x00000001985d1b10:   00007f9b00000209 00007f9b007288a0
0x00000001985d1b20:   00007f9b0000012c 00000001985d1b58
0x00000001985d1b30:   00007f9b007288a0 00007f0000000000
0x00000001985d1b40:   0000390f0000000f 00007fff00003080
0x00000001985d1b50:   00000001985d1b58 9b7f000004000000
0x00000001985d1b60:   0b000000b81f7100 43646142646e6966
0x00000001985d1b70:   28410000006e696f 74752f6176616a4c
0x00000001985d1b80:   3b7473694c2f6c69 74752f6176616a4c
0x00000001985d1b90:   3b7473694c2f6c69 6f632f6d6f634c29
0x00000001985d1ba0:   614d2f796e61706d 746e756f43246e69
0x00000001985d1bb0:   3b68637461437265 616a4c287d000000
0x00000001985d1bc0:   2f6c6974752f6176 6f634c3c7473694c
0x00000001985d1bd0:   6e61706d6f632f6d 57246e69614d2f79
0x00000001985d1be0:   676e697468676965 6176616a4c3b3e3b 

Instructions: (pc=0x0000000106fc555c)
0x0000000106fc553c:   00 00 00 41 f6 87 68 01 00 00 10 75 07 b8 63 00
0x0000000106fc554c:   00 00 eb 7a 4d 85 f6 75 07 b8 17 00 00 00 eb 6e
0x0000000106fc555c:   4d 8b 36 48 b8 fe fe fe fe fe fe fe fe 49 39 c6
0x0000000106fc556c:   74 e7 4d 85 f6 74 e2 48 8d 05 16 f7 4c 00 80 38 

Register to memory mapping:

RAX=0x0000000000000001 is an unknown value
RBX=0x00000001985d1a8b is pointing into the stack for thread: 0x00007f9b0081c000
RCX=0x00000000000fc080 is an unknown value
RDX=0x00000001985d1a8b is pointing into the stack for thread: 0x00007f9b0081c000
RSP=0x00000001985d19f0 is pointing into the stack for thread: 0x00007f9b0081c000
RBP=0x00000001985d1a40 is pointing into the stack for thread: 0x00007f9b0081c000
RSI=0x00007f9b0081c000 is a thread
RDI=0x00007f9b00700000 is an unknown value
R8 =0x0000000000000001 is an unknown value
R9 =0x00007f9b00700000 is an unknown value
R10=0x0000000000000020 is an unknown value
R11=0x00007f9b00700000 is an unknown value
R12=0x00007f9b0081c000 is a thread
R13=0x0002000000000000 is an unknown value
R14=0x0002000000000000 is an unknown value
R15=0x00007f9b00700000 is an unknown value


Stack: [0x00000001984d2000,0x00000001985d2000],  sp=0x00000001985d19f0,  free space=1022k
Native frames: (J=compiled Java code, j=interpreted, Vv=VM code, C=native code)
V  [libjvm.dylib+0x33355c]  jvmti_IsMethodSynthetic+0xb9
C  [libjdwp.dylib+0x201f8]  isMethodSynthetic+0x63
C  [libjdwp.dylib+0x502b]  methods1+0x10b
C  [libjdwp.dylib+0x5124]  methodsWithGeneric+0xe
C  [libjdwp.dylib+0xe6b2]  debugLoop_run+0x1ce
C  [libjdwp.dylib+0x1f132]  attachThread+0x4d
V  [libjvm.dylib+0x37417e]  JvmtiAgentThread::call_start_function()+0x38
V  [libjvm.dylib+0x4efb47]  JavaThread::thread_main_inner()+0x9b
V  [libjvm.dylib+0x4f124f]  JavaThread::run()+0x1a3
V  [libjvm.dylib+0x41b1c6]  java_start(Thread*)+0x126
C  [libsystem_pthread.dylib+0x32fc]  _pthread_body+0x83
C  [libsystem_pthread.dylib+0x3279]  _pthread_body+0x0
C  [libsystem_pthread.dylib+0x14b1]  thread_start+0xd


---------------  P R O C E S S  ---------------

Java Threads: ( => current thread )
  0x00007f9b01811800 JavaThread "Service Thread" daemon [_thread_blocked, id=19203, stack(0x00000001989e1000,0x0000000198ae1000)]
  0x00007f9b01811000 JavaThread "C2 CompilerThread1" daemon [_thread_blocked, id=18691, stack(0x00000001988de000,0x00000001989de000)]
  0x00007f9b0180f000 JavaThread "C2 CompilerThread0" daemon [_thread_blocked, id=18179, stack(0x00000001987db000,0x00000001988db000)]
  0x00007f9b0081c800 JavaThread "JDWP Command Reader" daemon [_thread_in_native, id=17667, stack(0x00000001986d8000,0x00000001987d8000)]
  0x00007f9b01805000 JavaThread "JDWP Event Helper Thread" daemon [_thread_blocked, id=17155, stack(0x00000001985d5000,0x00000001986d5000)]
=>0x00007f9b0081c000 JavaThread "JDWP Transport Listener: dt_socket" daemon [_thread_in_vm, id=16643, stack(0x00000001984d2000,0x00000001985d2000)]
  0x00007f9b02062800 JavaThread "Signal Dispatcher" daemon [_thread_blocked, id=13335, stack(0x00000001983cf000,0x00000001984cf000)]
  0x00007f9b0204d800 JavaThread "Finalizer" daemon [_thread_blocked, id=11523, stack(0x0000000196a80000,0x0000000196b80000)]
  0x00007f9b0204a800 JavaThread "Reference Handler" daemon [_thread_blocked, id=11011, stack(0x000000019697d000,0x0000000196a7d000)]
  0x00007f9b02000800 JavaThread "main" [_thread_blocked, id=4867, stack(0x00000001076fd000,0x00000001077fd000)]

Other Threads:
  0x00007f9b0204a000 VMThread [stack: 0x000000019687a000,0x000000019697a000] [id=10499]
  0x00007f9b01822800 WatcherThread [stack: 0x0000000198ae4000,0x0000000198be4000] [id=19715]

VM state:not at safepoint (normal execution)

VM Mutex/Monitor currently owned by a thread: None

Heap
 PSYoungGen      total 38912K, used 2028K [0x0000000165900000, 0x0000000168400000, 0x0000000190400000)
  eden space 33792K, 6% used [0x0000000165900000,0x0000000165afb0a0,0x0000000167a00000)
  from space 5120K, 0% used [0x0000000167f00000,0x0000000167f00000,0x0000000168400000)
  to   space 5120K, 0% used [0x0000000167a00000,0x0000000167a00000,0x0000000167f00000)
 ParOldGen       total 87040K, used 0K [0x0000000110400000, 0x0000000115900000, 0x0000000165900000)
  object space 87040K, 0% used [0x0000000110400000,0x0000000110400000,0x0000000115900000)
 PSPermGen       total 21504K, used 3385K [0x000000010b200000, 0x000000010c700000, 0x0000000110400000)
  object space 21504K, 15% used [0x000000010b200000,0x000000010b54e650,0x000000010c700000)

Card table byte_map: [0x0000000190400000,0x000000019082a000] byte_map_base: 0x000000018fba7000

Polling page: 0x00000001077ff000

Code Cache  [0x0000000108090000, 0x0000000108300000, 0x000000010b090000)
 total_blobs=191 nmethods=7 adapters=147 free_code_cache=48756Kb largest_free_block=49911616

Compilation events (10 events):
Event: 0.106 Thread 0x00007f9b01811000    3             sun.nio.cs.UTF_8$Encoder::encode (361 bytes)
Event: 0.108 Thread 0x00007f9b0180f000    4             java.lang.String::charAt (29 bytes)
Event: 0.109 Thread 0x00007f9b0180f000 nmethod 4 0x00000001080ef5d0 code [0x00000001080ef720, 0x00000001080ef818]
Event: 0.112 Thread 0x00007f9b0180f000    5             java.io.UnixFileSystem::normalize (75 bytes)
Event: 0.117 Thread 0x00007f9b0180f000 nmethod 5 0x00000001080eed50 code [0x00000001080eeec0, 0x00000001080ef198]
Event: 0.118 Thread 0x00007f9b01811000 nmethod 3 0x00000001080f0590 code [0x00000001080f0720, 0x00000001080f0e08]
Event: 0.135 Thread 0x00007f9b0180f000    6             java.lang.String::lastIndexOf (52 bytes)
Event: 0.138 Thread 0x00007f9b0180f000 nmethod 6 0x00000001080f0190 code [0x00000001080f02e0, 0x00000001080f0488]
Event: 8.483 Thread 0x00007f9b01811000    7             java.lang.String::indexOf (166 bytes)
Event: 8.498 Thread 0x00007f9b01811000 nmethod 7 0x00000001080f5350 code [0x00000001080f54a0, 0x00000001080f59d8]

GC Heap History (0 events):
No events

Deoptimization events (0 events):
No events

Internal exceptions (10 events):
Event: 0.106 Thread 0x00007f9b02000800 Threw 0x0000000165a61360 at /HUDSON/workspace/7u-2-build-macosx-x86_64/jdk7u45/229/hotspot/src/share/vm/prims/jvm.cpp:1244
Event: 0.106 Thread 0x00007f9b02000800 Threw 0x0000000165a61488 at /HUDSON/workspace/7u-2-build-macosx-x86_64/jdk7u45/229/hotspot/src/share/vm/prims/jvm.cpp:1244
Event: 0.106 Thread 0x00007f9b02000800 Threw 0x0000000165a616d8 at /HUDSON/workspace/7u-2-build-macosx-x86_64/jdk7u45/229/hotspot/src/share/vm/prims/jvm.cpp:1244
Event: 0.124 Thread 0x00007f9b02000800 Threw 0x0000000165a8e3b8 at /HUDSON/workspace/7u-2-build-macosx-x86_64/jdk7u45/229/hotspot/src/share/vm/prims/jvm.cpp:1244
Event: 0.136 Thread 0x00007f9b02000800 Threw 0x0000000165aae450 at /HUDSON/workspace/7u-2-build-macosx-x86_64/jdk7u45/229/hotspot/src/share/vm/prims/jvm.cpp:1244
Event: 0.137 Thread 0x00007f9b02000800 Threw 0x0000000165aae578 at /HUDSON/workspace/7u-2-build-macosx-x86_64/jdk7u45/229/hotspot/src/share/vm/prims/jvm.cpp:1244
Event: 0.137 Thread 0x00007f9b02000800 Threw 0x0000000165ab9c48 at /HUDSON/workspace/7u-2-build-macosx-x86_64/jdk7u45/229/hotspot/src/share/vm/prims/jvm.cpp:1244
Event: 0.137 Thread 0x00007f9b02000800 Threw 0x0000000165ab9d70 at /HUDSON/workspace/7u-2-build-macosx-x86_64/jdk7u45/229/hotspot/src/share/vm/prims/jvm.cpp:1244
Event: 1.768 Thread 0x00007f9b02000800 Threw 0x0000000165ad76e8 at /HUDSON/workspace/7u-2-build-macosx-x86_64/jdk7u45/229/hotspot/src/share/vm/prims/jvm.cpp:1244
Event: 8.482 Thread 0x00007f9b02000800 Threw 0x0000000165ade230 at /HUDSON/workspace/7u-2-build-macosx-x86_64/jdk7u45/229/hotspot/src/share/vm/prims/jvm.cpp:1244

Events (10 events):
Event: 1633.105 Executing VM operation: ChangeBreakpoints
Event: 1633.106 Executing VM operation: ChangeBreakpoints done
Event: 1823.636 Executing VM operation: ChangeBreakpoints
Event: 1823.636 Executing VM operation: ChangeBreakpoints done
Event: 2143.685 Executing VM operation: ChangeBreakpoints
Event: 2143.686 Executing VM operation: ChangeBreakpoints done
Event: 2144.685 Executing VM operation: ChangeBreakpoints
Event: 2144.685 Executing VM operation: ChangeBreakpoints done
Event: 2584.445 Executing VM operation: RedefineClasses
Event: 2584.450 Executing VM operation: RedefineClasses done


Dynamic libraries:
0x0000000000220000 	/System/Library/Frameworks/Cocoa.framework/Versions/A/Cocoa
0x0000000000220000 	/System/Library/Frameworks/Security.framework/Versions/A/Security
0x0000000000220000 	/System/Library/Frameworks/ApplicationServices.framework/Versions/A/ApplicationServices
0x0000000000220000 	/usr/lib/libz.1.dylib
0x0000000000220000 	/usr/lib/libSystem.B.dylib
0x0000000000220000 	/usr/lib/libobjc.A.dylib
0x0000000000220000 	/System/Library/Frameworks/CoreFoundation.framework/Versions/A/CoreFoundation
0x0000000000220000 	/System/Library/Frameworks/Foundation.framework/Versions/C/Foundation
0x0000000000220000 	/System/Library/Frameworks/AppKit.framework/Versions/C/AppKit
0x0000000000220000 	/System/Library/Frameworks/CoreData.framework/Versions/A/CoreData
0x0000000000220000 	/System/Library/PrivateFrameworks/RemoteViewServices.framework/Versions/A/RemoteViewServices
0x0000000000220000 	/System/Library/PrivateFrameworks/UIFoundation.framework/Versions/A/UIFoundation
0x0000000000220000 	/System/Library/Frameworks/IOSurface.framework/Versions/A/IOSurface
0x0000000000220000 	/System/Library/Frameworks/AudioToolbox.framework/Versions/A/AudioToolbox
0x0000000000220000 	/System/Library/Frameworks/AudioUnit.framework/Versions/A/AudioUnit
0x0000000000220000 	/System/Library/PrivateFrameworks/DataDetectorsCore.framework/Versions/A/DataDetectorsCore
0x0000000000220000 	/System/Library/PrivateFrameworks/DesktopServicesPriv.framework/Versions/A/DesktopServicesPriv
0x0000000000220000 	/System/Library/Frameworks/Carbon.framework/Versions/A/Frameworks/HIToolbox.framework/Versions/A/HIToolbox
0x0000000000220000 	/System/Library/Frameworks/QuartzCore.framework/Versions/A/QuartzCore
0x0000000000220000 	/System/Library/Frameworks/Carbon.framework/Versions/A/Frameworks/SpeechRecognition.framework/Versions/A/SpeechRecognition
0x0000000000220000 	/usr/lib/libauto.dylib
0x0000000000220000 	/usr/lib/libicucore.A.dylib
0x0000000000220000 	/usr/lib/libxml2.2.dylib
0x0000000000220000 	/System/Library/PrivateFrameworks/CoreUI.framework/Versions/A/CoreUI
0x0000000000220000 	/System/Library/Frameworks/CoreAudio.framework/Versions/A/CoreAudio
0x0000000000220000 	/System/Library/Frameworks/DiskArbitration.framework/Versions/A/DiskArbitration
0x0000000000220000 	/usr/lib/liblangid.dylib
0x0000000000220000 	/System/Library/PrivateFrameworks/MultitouchSupport.framework/Versions/A/MultitouchSupport
0x0000000000220000 	/System/Library/Frameworks/IOKit.framework/Versions/A/IOKit
0x0000000000220000 	/usr/lib/libDiagnosticMessagesClient.dylib
0x0000000000220000 	/System/Library/Frameworks/CoreServices.framework/Versions/A/CoreServices
0x0000000000220000 	/System/Library/PrivateFrameworks/PerformanceAnalysis.framework/Versions/A/PerformanceAnalysis
0x0000000000220000 	/System/Library/PrivateFrameworks/GenerationalStorage.framework/Versions/A/GenerationalStorage
0x0000000000220000 	/System/Library/Frameworks/OpenGL.framework/Versions/A/OpenGL
0x0000000000220000 	/System/Library/PrivateFrameworks/Sharing.framework/Versions/A/Sharing
0x0000000000220000 	/System/Library/Frameworks/CoreGraphics.framework/Versions/A/CoreGraphics
0x0000000000220000 	/System/Library/Frameworks/CoreText.framework/Versions/A/CoreText
0x0000000000220000 	/System/Library/Frameworks/ImageIO.framework/Versions/A/ImageIO
0x0000000000220000 	/usr/lib/libextension.dylib
0x0000000000220000 	/System/Library/PrivateFrameworks/Backup.framework/Versions/A/Backup
0x0000000000220000 	/usr/lib/libarchive.2.dylib
0x0000000000220000 	/System/Library/Frameworks/CFNetwork.framework/Versions/A/CFNetwork
0x0000000000220000 	/System/Library/Frameworks/SystemConfiguration.framework/Versions/A/SystemConfiguration
0x0000000000220000 	/usr/lib/libCRFSuite.dylib
0x0000000000220000 	/usr/lib/libc++.1.dylib
0x0000000000220000 	/usr/lib/libc++abi.dylib
0x0000000000220000 	/usr/lib/system/libcache.dylib
0x0000000000220000 	/usr/lib/system/libcommonCrypto.dylib
0x0000000000220000 	/usr/lib/system/libcompiler_rt.dylib
0x0000000000220000 	/usr/lib/system/libcopyfile.dylib
0x0000000000220000 	/usr/lib/system/libcorecrypto.dylib
0x0000000000220000 	/usr/lib/system/libdispatch.dylib
0x0000000000220000 	/usr/lib/system/libdyld.dylib
0x0000000000220000 	/usr/lib/system/libkeymgr.dylib
0x0000000000220000 	/usr/lib/system/liblaunch.dylib
0x0000000000220000 	/usr/lib/system/libmacho.dylib
0x0000000000220000 	/usr/lib/system/libquarantine.dylib
0x0000000000220000 	/usr/lib/system/libremovefile.dylib
0x0000000000220000 	/usr/lib/system/libsystem_asl.dylib
0x0000000000220000 	/usr/lib/system/libsystem_blocks.dylib
0x0000000000220000 	/usr/lib/system/libsystem_c.dylib
0x0000000000220000 	/usr/lib/system/libsystem_configuration.dylib
0x0000000000220000 	/usr/lib/system/libsystem_coreservices.dylib
0x0000000000220000 	/usr/lib/system/libsystem_coretls.dylib
0x0000000000220000 	/usr/lib/system/libsystem_dnssd.dylib
0x0000000000220000 	/usr/lib/system/libsystem_info.dylib
0x0000000000220000 	/usr/lib/system/libsystem_kernel.dylib
0x0000000000220000 	/usr/lib/system/libsystem_m.dylib
0x0000000000220000 	/usr/lib/system/libsystem_malloc.dylib
0x0000000000220000 	/usr/lib/system/libsystem_network.dylib
0x0000000000220000 	/usr/lib/system/libsystem_networkextension.dylib
0x0000000000220000 	/usr/lib/system/libsystem_notify.dylib
0x0000000000220000 	/usr/lib/system/libsystem_platform.dylib
0x0000000000220000 	/usr/lib/system/libsystem_pthread.dylib
0x0000000000220000 	/usr/lib/system/libsystem_sandbox.dylib
0x0000000000220000 	/usr/lib/system/libsystem_secinit.dylib
0x0000000000220000 	/usr/lib/system/libsystem_stats.dylib
0x0000000000220000 	/usr/lib/system/libsystem_trace.dylib
0x0000000000220000 	/usr/lib/system/libunc.dylib
0x0000000000220000 	/usr/lib/system/libunwind.dylib
0x0000000000220000 	/usr/lib/system/libxpc.dylib
0x0000000000220000 	/usr/lib/libbz2.1.0.dylib
0x0000000000220000 	/usr/lib/liblzma.5.dylib
0x0000000000220000 	/usr/lib/libbsm.0.dylib
0x0000000000220000 	/usr/lib/libsqlite3.dylib
0x0000000000220000 	/usr/lib/system/libkxld.dylib
0x0000000000220000 	/usr/lib/libxar.1.dylib
0x0000000000220000 	/usr/lib/libpam.2.dylib
0x0000000000220000 	/usr/lib/libOpenScriptingUtil.dylib
0x0000000000220000 	/System/Library/Frameworks/CoreServices.framework/Versions/A/Frameworks/FSEvents.framework/Versions/A/FSEvents
0x0000000000220000 	/System/Library/Frameworks/CoreServices.framework/Versions/A/Frameworks/CarbonCore.framework/Versions/A/CarbonCore
0x0000000000220000 	/System/Library/Frameworks/CoreServices.framework/Versions/A/Frameworks/Metadata.framework/Versions/A/Metadata
0x0000000000220000 	/System/Library/Frameworks/CoreServices.framework/Versions/A/Frameworks/OSServices.framework/Versions/A/OSServices
0x0000000000220000 	/System/Library/Frameworks/CoreServices.framework/Versions/A/Frameworks/SearchKit.framework/Versions/A/SearchKit
0x0000000000220000 	/System/Library/Frameworks/CoreServices.framework/Versions/A/Frameworks/AE.framework/Versions/A/AE
0x0000000000220000 	/System/Library/Frameworks/CoreServices.framework/Versions/A/Frameworks/LaunchServices.framework/Versions/A/LaunchServices
0x0000000000220000 	/System/Library/Frameworks/CoreServices.framework/Versions/A/Frameworks/DictionaryServices.framework/Versions/A/DictionaryServices
0x0000000000220000 	/System/Library/Frameworks/NetFS.framework/Versions/A/NetFS
0x0000000000220000 	/System/Library/PrivateFrameworks/NetAuth.framework/Versions/A/NetAuth
0x0000000000220000 	/System/Library/PrivateFrameworks/login.framework/Versions/A/Frameworks/loginsupport.framework/Versions/A/loginsupport
0x0000000000220000 	/System/Library/PrivateFrameworks/TCC.framework/Versions/A/TCC
0x0000000000220000 	/usr/lib/libmecabra.dylib
0x0000000000220000 	/System/Library/PrivateFrameworks/LanguageModeling.framework/Versions/A/LanguageModeling
0x0000000000220000 	/usr/lib/libcmph.dylib
0x0000000000220000 	/usr/lib/libiconv.2.dylib
0x0000000000220000 	/System/Library/Frameworks/OpenDirectory.framework/Versions/A/Frameworks/CFOpenDirectory.framework/Versions/A/CFOpenDirectory
0x0000000000220000 	/System/Library/Frameworks/ServiceManagement.framework/Versions/A/ServiceManagement
0x0000000000220000 	/usr/lib/libxslt.1.dylib
0x0000000000220000 	/System/Library/Frameworks/Carbon.framework/Versions/A/Frameworks/Ink.framework/Versions/A/Ink
0x0000000000220000 	/System/Library/Frameworks/ApplicationServices.framework/Versions/A/Frameworks/ATS.framework/Versions/A/ATS
0x0000000000220000 	/System/Library/Frameworks/ApplicationServices.framework/Versions/A/Frameworks/ColorSync.framework/Versions/A/ColorSync
0x0000000000220000 	/System/Library/Frameworks/ApplicationServices.framework/Versions/A/Frameworks/HIServices.framework/Versions/A/HIServices
0x0000000000220000 	/System/Library/Frameworks/ApplicationServices.framework/Versions/A/Frameworks/LangAnalysis.framework/Versions/A/LangAnalysis
0x0000000000220000 	/System/Library/Frameworks/ApplicationServices.framework/Versions/A/Frameworks/PrintCore.framework/Versions/A/PrintCore
0x0000000000220000 	/System/Library/Frameworks/ApplicationServices.framework/Versions/A/Frameworks/QD.framework/Versions/A/QD
0x0000000000220000 	/System/Library/Frameworks/ApplicationServices.framework/Versions/A/Frameworks/SpeechSynthesis.framework/Versions/A/SpeechSynthesis
0x0000000000220000 	/System/Library/Frameworks/Accelerate.framework/Versions/A/Accelerate
0x0000000000220000 	/System/Library/Frameworks/Accelerate.framework/Versions/A/Frameworks/vImage.framework/Versions/A/vImage
0x0000000000220000 	/System/Library/Frameworks/Accelerate.framework/Versions/A/Frameworks/vecLib.framework/Versions/A/vecLib
0x0000000000220000 	/System/Library/Frameworks/Accelerate.framework/Versions/A/Frameworks/vecLib.framework/Versions/A/libvDSP.dylib
0x0000000000220000 	/System/Library/Frameworks/Accelerate.framework/Versions/A/Frameworks/vecLib.framework/Versions/A/libvMisc.dylib
0x0000000000220000 	/System/Library/Frameworks/Accelerate.framework/Versions/A/Frameworks/vecLib.framework/Versions/A/libLAPACK.dylib
0x0000000000220000 	/System/Library/Frameworks/Accelerate.framework/Versions/A/Frameworks/vecLib.framework/Versions/A/libBLAS.dylib
0x0000000000220000 	/System/Library/Frameworks/Accelerate.framework/Versions/A/Frameworks/vecLib.framework/Versions/A/libLinearAlgebra.dylib
0x0000000000220000 	/System/Library/Frameworks/ApplicationServices.framework/Versions/A/Frameworks/ATS.framework/Versions/A/Resources/libFontParser.dylib
0x0000000000220000 	/System/Library/Frameworks/ApplicationServices.framework/Versions/A/Frameworks/ATS.framework/Versions/A/Resources/libFontRegistry.dylib
0x0000000000220000 	/System/Library/PrivateFrameworks/AppleVPA.framework/Versions/A/AppleVPA
0x0000000000220000 	/System/Library/PrivateFrameworks/AppleJPEG.framework/Versions/A/AppleJPEG
0x0000000000220000 	/System/Library/Frameworks/ImageIO.framework/Versions/A/Resources/libJPEG.dylib
0x0000000000220000 	/System/Library/Frameworks/ImageIO.framework/Versions/A/Resources/libTIFF.dylib
0x0000000000220000 	/System/Library/Frameworks/ImageIO.framework/Versions/A/Resources/libPng.dylib
0x0000000000220000 	/System/Library/Frameworks/ImageIO.framework/Versions/A/Resources/libGIF.dylib
0x0000000000220000 	/System/Library/Frameworks/ImageIO.framework/Versions/A/Resources/libJP2.dylib
0x0000000000220000 	/System/Library/Frameworks/ImageIO.framework/Versions/A/Resources/libRadiance.dylib
0x0000000000220000 	/System/Library/Frameworks/CoreVideo.framework/Versions/A/CoreVideo
0x0000000000220000 	/System/Library/Frameworks/OpenGL.framework/Versions/A/Libraries/libGLU.dylib
0x0000000000220000 	/System/Library/Frameworks/OpenGL.framework/Versions/A/Libraries/libGFXShared.dylib
0x0000000000220000 	/System/Library/Frameworks/OpenGL.framework/Versions/A/Libraries/libGL.dylib
0x0000000000220000 	/System/Library/Frameworks/OpenGL.framework/Versions/A/Libraries/libGLImage.dylib
0x0000000000220000 	/System/Library/Frameworks/OpenGL.framework/Versions/A/Libraries/libCVMSPluginSupport.dylib
0x0000000000220000 	/System/Library/Frameworks/OpenGL.framework/Versions/A/Libraries/libCoreVMClient.dylib
0x0000000000220000 	/usr/lib/libcups.2.dylib
0x0000000000220000 	/System/Library/Frameworks/Kerberos.framework/Versions/A/Kerberos
0x0000000000220000 	/System/Library/Frameworks/GSS.framework/Versions/A/GSS
0x0000000000220000 	/usr/lib/libresolv.9.dylib
0x0000000000220000 	/System/Library/PrivateFrameworks/Heimdal.framework/Versions/A/Heimdal
0x0000000000220000 	/usr/lib/libheimdal-asn1.dylib
0x0000000000220000 	/System/Library/Frameworks/OpenDirectory.framework/Versions/A/OpenDirectory
0x0000000000220000 	/System/Library/PrivateFrameworks/CommonAuth.framework/Versions/A/CommonAuth
0x0000000000220000 	/System/Library/Frameworks/SecurityFoundation.framework/Versions/A/SecurityFoundation
0x0000000000220000 	/System/Library/Frameworks/QuartzCore.framework/Versions/A/Frameworks/CoreImage.framework/Versions/A/CoreImage
0x0000000000220000 	/System/Library/PrivateFrameworks/CrashReporterSupport.framework/Versions/A/CrashReporterSupport
0x0000000000220000 	/System/Library/Frameworks/OpenCL.framework/Versions/A/OpenCL
0x0000000000220000 	/System/Library/PrivateFrameworks/FaceCore.framework/Versions/A/FaceCore
0x0000000000220000 	/System/Library/PrivateFrameworks/Ubiquity.framework/Versions/A/Ubiquity
0x0000000000220000 	/System/Library/PrivateFrameworks/IconServices.framework/Versions/A/IconServices
0x0000000000220000 	/System/Library/PrivateFrameworks/ChunkingLibrary.framework/Versions/A/ChunkingLibrary
0x0000000000220000 	/System/Library/PrivateFrameworks/Apple80211.framework/Versions/A/Apple80211
0x0000000000220000 	/System/Library/Frameworks/CoreWLAN.framework/Versions/A/CoreWLAN
0x0000000000220000 	/System/Library/Frameworks/IOBluetooth.framework/Versions/A/IOBluetooth
0x0000000000220000 	/System/Library/PrivateFrameworks/CoreWiFi.framework/Versions/A/CoreWiFi
0x0000000000220000 	/System/Library/Frameworks/CoreBluetooth.framework/Versions/A/CoreBluetooth
0x0000000000220000 	/System/Library/PrivateFrameworks/DebugSymbols.framework/Versions/A/DebugSymbols
0x0000000000220000 	/System/Library/PrivateFrameworks/CoreSymbolication.framework/Versions/A/CoreSymbolication
0x0000000000220000 	/System/Library/PrivateFrameworks/Symbolication.framework/Versions/A/Symbolication
0x0000000000220000 	/System/Library/PrivateFrameworks/SpeechRecognitionCore.framework/Versions/A/SpeechRecognitionCore
0x0000000106c92000 	/Library/Java/JavaVirtualMachines/jdk1.7.0_45.jdk/Contents/Home/jre/lib/server/libjvm.dylib
0x0000000000220000 	/usr/lib/libstdc++.6.dylib
0x0000000108000000 	/Library/Java/JavaVirtualMachines/jdk1.7.0_45.jdk/Contents/Home/jre/lib/libverify.dylib
0x000000010800d000 	/Library/Java/JavaVirtualMachines/jdk1.7.0_45.jdk/Contents/Home/jre/lib/libjava.dylib
0x000000010803d000 	/Library/Java/JavaVirtualMachines/jdk1.7.0_45.jdk/Contents/Home/jre/lib/libjdwp.dylib
0x000000010807a000 	/Library/Java/JavaVirtualMachines/jdk1.7.0_45.jdk/Contents/Home/jre/lib/libnpt.dylib
0x0000000108087000 	/Library/Java/JavaVirtualMachines/jdk1.7.0_45.jdk/Contents/Home/jre/lib/libzip.dylib
0x0000000196b82000 	/System/Library/Frameworks/JavaVM.framework/Frameworks/JavaRuntimeSupport.framework/JavaRuntimeSupport
0x0000000196b9a000 	/System/Library/Frameworks/JavaVM.framework/Versions/A/Frameworks/JavaNativeFoundation.framework/Versions/A/JavaNativeFoundation
0x0000000196baf000 	/System/Library/Frameworks/JavaVM.framework/Versions/A/JavaVM
0x0000000000220000 	/System/Library/Frameworks/Carbon.framework/Versions/A/Carbon
0x0000000196bbc000 	/System/Library/PrivateFrameworks/JavaLaunching.framework/Versions/A/JavaLaunching
0x0000000000220000 	/System/Library/Frameworks/Carbon.framework/Versions/A/Frameworks/CommonPanels.framework/Versions/A/CommonPanels
0x0000000000220000 	/System/Library/Frameworks/Carbon.framework/Versions/A/Frameworks/Help.framework/Versions/A/Help
0x0000000000220000 	/System/Library/Frameworks/Carbon.framework/Versions/A/Frameworks/ImageCapture.framework/Versions/A/ImageCapture
0x0000000000220000 	/System/Library/Frameworks/Carbon.framework/Versions/A/Frameworks/OpenScripting.framework/Versions/A/OpenScripting
0x0000000000220000 	/System/Library/Frameworks/Carbon.framework/Versions/A/Frameworks/Print.framework/Versions/A/Print
0x0000000000220000 	/System/Library/Frameworks/Carbon.framework/Versions/A/Frameworks/SecurityHI.framework/Versions/A/SecurityHI
0x0000000196cce000 	/Library/Java/JavaVirtualMachines/jdk1.7.0_45.jdk/Contents/Home/jre/lib/libdt_socket.dylib

VM Arguments:
jvm_args: -agentlib:jdwp=transport=dt_socket,address=127.0.0.1:59119,suspend=y,server=n -Dfile.encoding=UTF-8 
java_command: com.company.Main
Launcher Type: SUN_STANDARD

Environment Variables:
PATH=/usr/bin:/bin:/usr/sbin:/sbin
SHELL=/bin/zsh

Signal Handlers:
SIGSEGV: [libjvm.dylib+0x525415], sa_mask[0]=0xfffefeff, sa_flags=0x00000043
SIGBUS: [libjvm.dylib+0x525415], sa_mask[0]=0xfffefeff, sa_flags=0x00000042
SIGFPE: [libjvm.dylib+0x41891a], sa_mask[0]=0xfffefeff, sa_flags=0x00000042
SIGPIPE: [libjvm.dylib+0x41891a], sa_mask[0]=0xfffefeff, sa_flags=0x00000042
SIGXFSZ: [libjvm.dylib+0x41891a], sa_mask[0]=0xfffefeff, sa_flags=0x00000042
SIGILL: [libjvm.dylib+0x41891a], sa_mask[0]=0xfffefeff, sa_flags=0x00000042
SIGUSR1: SIG_DFL, sa_mask[0]=0x00000000, sa_flags=0x00000000
SIGUSR2: [libjvm.dylib+0x41840c], sa_mask[0]=0x00000004, sa_flags=0x00000042
SIGHUP: [libjvm.dylib+0x41669b], sa_mask[0]=0xfffefeff, sa_flags=0x00000042
SIGINT: [libjvm.dylib+0x41669b], sa_mask[0]=0xfffefeff, sa_flags=0x00000042
SIGTERM: [libjvm.dylib+0x41669b], sa_mask[0]=0xfffefeff, sa_flags=0x00000042
SIGQUIT: [libjvm.dylib+0x41669b], sa_mask[0]=0xfffefeff, sa_flags=0x00000042


---------------  S Y S T E M  ---------------

OS:Bsduname:Darwin 14.0.0 Darwin Kernel Version 14.0.0: Fri Sep 19 00:26:44 PDT 2014; root:xnu-2782.1.97~2/RELEASE_X86_64 x86_64
rlimit: STACK 8192k, CORE 0k, NPROC 709, NOFILE 10240, AS infinity
load average:2.67 3.23 3.17

CPU:total 4 (2 cores per cpu, 2 threads per core) family 6 model 69 stepping 1, cmov, cx8, fxsr, mmx, sse, sse2, sse3, ssse3, sse4.1, sse4.2, popcnt, avx, avx2, aes, erms, ht, tsc, tscinvbit

Memory: 4k page, physical 8388608k(2097152k free)

/proc/meminfo:


vm_info: Java HotSpot(TM) 64-Bit Server VM (24.45-b08) for bsd-amd64 JRE (1.7.0_45-b18), built on Oct  8 2013 05:54:16 by "java_re" with gcc 4.2.1 (Based on Apple Inc. build 5658) (LLVM build 2336.11.00)

time: Mon Dec 22 15:03:27 2014
elapsed time: 3350 seconds

